[Wed Jun 11 14:11:02 2025] PHP 8.4.5 Development Server (http://localhost:8000) started
[Wed Jun 11 14:11:35 2025] [::1]:65236 Accepted
[Wed Jun 11 14:11:36 2025] Xdebug: [Step Debug] Time-out connecting to debugging client, waited: 200 ms. Tried: localhost:9003 (through xdebug.client_host/xdebug.client_port).
[Wed Jun 11 14:11:36 2025] [::1]:65236 [200]: POST /api/register
[Wed Jun 11 14:11:36 2025] [::1]:65236 Closing
[Wed Jun 11 14:11:36 2025] [::1]:65240 Accepted
[Wed Jun 11 14:11:36 2025] Xdebug: [Step Debug] Time-out connecting to debugging client, waited: 200 ms. Tried: localhost:9003 (through xdebug.client_host/xdebug.client_port).
[Wed Jun 11 14:11:36 2025] [::1]:65240 [200]: OPTIONS /api/register
[Wed Jun 11 14:11:36 2025] [::1]:65240 Closing
[Wed Jun 11 14:11:36 2025] [::1]:65243 Accepted
[Wed Jun 11 14:11:36 2025] Xdebug: [Step Debug] Time-out connecting to debugging client, waited: 200 ms. Tried: localhost:9003 (through xdebug.client_host/xdebug.client_port).
[Wed Jun 11 14:11:37 2025] [::1]:65243 [200]: POST /api/register
[Wed Jun 11 14:11:37 2025] [::1]:65243 Closing
[Wed Jun 11 14:16:12 2025] [::1]:65457 Accepted
[Wed Jun 11 14:16:12 2025] Xdebug: [Step Debug] Time-out connecting to debugging client, waited: 200 ms. Tried: localhost:9003 (through xdebug.client_host/xdebug.client_port).
[Wed Jun 11 14:16:12 2025] [::1]:65457 [200]: POST /api/register
[Wed Jun 11 14:16:12 2025] [::1]:65457 Closing
[Wed Jun 11 14:16:12 2025] [::1]:65461 Accepted
[Wed Jun 11 14:16:13 2025] Xdebug: [Step Debug] Time-out connecting to debugging client, waited: 200 ms. Tried: localhost:9003 (through xdebug.client_host/xdebug.client_port).
[Wed Jun 11 14:16:13 2025] [::1]:65461 [200]: OPTIONS /api/register
[Wed Jun 11 14:16:13 2025] [::1]:65461 Closing
[Wed Jun 11 14:16:13 2025] [::1]:65464 Accepted
[Wed Jun 11 14:16:13 2025] Xdebug: [Step Debug] Time-out connecting to debugging client, waited: 200 ms. Tried: localhost:9003 (through xdebug.client_host/xdebug.client_port).
[Wed Jun 11 14:16:14 2025] Erreur SQL: SQLSTATE[23000]: Integrity constraint violation: 1062 Duplicate entry 'bryanfoucart' for key 'username'
[Wed Jun 11 14:16:14 2025] [::1]:65464 [200]: POST /api/register
[Wed Jun 11 14:16:14 2025] [::1]:65464 Closing
[Wed Jun 11 14:16:37 2025] [::1]:65489 Accepted
[Wed Jun 11 14:16:37 2025] Xdebug: [Step Debug] Time-out connecting to debugging client, waited: 200 ms. Tried: localhost:9003 (through xdebug.client_host/xdebug.client_port).
[Wed Jun 11 14:16:37 2025] [::1]:65489 [200]: POST /api/register
[Wed Jun 11 14:16:37 2025] [::1]:65489 Closing
[Wed Jun 11 14:16:37 2025] [::1]:65493 Accepted
[Wed Jun 11 14:16:38 2025] Xdebug: [Step Debug] Time-out connecting to debugging client, waited: 200 ms. Tried: localhost:9003 (through xdebug.client_host/xdebug.client_port).
[Wed Jun 11 14:16:38 2025] [::1]:65493 [200]: OPTIONS /api/register
[Wed Jun 11 14:16:38 2025] [::1]:65493 Closing
[Wed Jun 11 14:16:38 2025] [::1]:65496 Accepted
[Wed Jun 11 14:16:38 2025] Xdebug: [Step Debug] Time-out connecting to debugging client, waited: 200 ms. Tried: localhost:9003 (through xdebug.client_host/xdebug.client_port).
[Wed Jun 11 14:16:39 2025] [::1]:65496 [200]: POST /api/register
[Wed Jun 11 14:16:39 2025] [::1]:65496 Closing
[Wed Jun 11 14:17:17 2025] [::1]:65522 Accepted
[Wed Jun 11 14:17:17 2025] Xdebug: [Step Debug] Time-out connecting to debugging client, waited: 200 ms. Tried: localhost:9003 (through xdebug.client_host/xdebug.client_port).
[Wed Jun 11 14:17:17 2025] [::1]:65522 [200]: GET /api/register
[Wed Jun 11 14:17:17 2025] [::1]:65522 Closing
[Wed Jun 11 14:17:17 2025] [::1]:65526 Accepted
[Wed Jun 11 14:17:18 2025] Xdebug: [Step Debug] Time-out connecting to debugging client, waited: 200 ms. Tried: localhost:9003 (through xdebug.client_host/xdebug.client_port).
[Wed Jun 11 14:17:18 2025] [::1]:65526 [200]: GET /favicon.ico
[Wed Jun 11 14:17:18 2025] [::1]:65526 Closing
[Wed Jun 11 14:22:23 2025] [::1]:49274 Accepted
[Wed Jun 11 14:22:23 2025] Xdebug: [Step Debug] Time-out connecting to debugging client, waited: 200 ms. Tried: localhost:9003 (through xdebug.client_host/xdebug.client_port).
[Wed Jun 11 14:22:23 2025] [::1]:49274 [200]: POST /api/register
[Wed Jun 11 14:22:23 2025] [::1]:49274 Closing
[Wed Jun 11 14:22:23 2025] [::1]:49278 Accepted
[Wed Jun 11 14:22:24 2025] Xdebug: [Step Debug] Time-out connecting to debugging client, waited: 200 ms. Tried: localhost:9003 (through xdebug.client_host/xdebug.client_port).
[Wed Jun 11 14:22:24 2025] [::1]:49278 [200]: OPTIONS /api/register
[Wed Jun 11 14:22:24 2025] [::1]:49278 Closing
[Wed Jun 11 14:22:24 2025] [::1]:49281 Accepted
[Wed Jun 11 14:22:24 2025] Xdebug: [Step Debug] Time-out connecting to debugging client, waited: 200 ms. Tried: localhost:9003 (through xdebug.client_host/xdebug.client_port).
[Wed Jun 11 14:22:25 2025] [::1]:49281 [200]: POST /api/register
[Wed Jun 11 14:22:25 2025] [::1]:49281 Closing
[Wed Jun 11 14:26:33 2025] [::1]:49698 Accepted
[Wed Jun 11 14:26:34 2025] Xdebug: [Step Debug] Time-out connecting to debugging client, waited: 200 ms. Tried: localhost:9003 (through xdebug.client_host/xdebug.client_port).
[Wed Jun 11 14:26:34 2025] [::1]:49698 [200]: POST /api/upload-avatar
[Wed Jun 11 14:26:34 2025] [::1]:49698 Closing
[Wed Jun 11 14:26:34 2025] [::1]:49703 Accepted
[Wed Jun 11 14:26:34 2025] Xdebug: [Step Debug] Time-out connecting to debugging client, waited: 200 ms. Tried: localhost:9003 (through xdebug.client_host/xdebug.client_port).
[Wed Jun 11 14:26:34 2025] [::1]:49703 [200]: OPTIONS /api/register
[Wed Jun 11 14:26:34 2025] [::1]:49703 Closing
[Wed Jun 11 14:26:34 2025] [::1]:49706 Accepted
[Wed Jun 11 14:26:35 2025] Xdebug: [Step Debug] Time-out connecting to debugging client, waited: 200 ms. Tried: localhost:9003 (through xdebug.client_host/xdebug.client_port).
[Wed Jun 11 14:26:35 2025] [::1]:49706 [200]: POST /api/register
[Wed Jun 11 14:26:35 2025] [::1]:49706 Closing
